This is pdfTeX, Version 3.14159265-2.6-1.40.15 (TeX Live 2015/dev) (preloaded format=pdflatex 2015.4.23)  29 MAY 2015 23:37
entering extended mode
 restricted \write18 enabled.
 %&-line parsing enabled.
**paper.tex
(./paper.tex
LaTeX2e <2014/05/01>
Babel <3.9l> and hyphenation patterns for 79 languages loaded.

(/nix/store/a5h94i4ysxcjzm493i07hc4cz1m1h0ma-TeXLive-linkdir/texmf-dist/tex/lat
ex/base/article.cls
Document Class: article 2007/10/19 v1.4h Standard LaTeX document class

(/nix/store/a5h94i4ysxcjzm493i07hc4cz1m1h0ma-TeXLive-linkdir/texmf-dist/tex/lat
ex/base/size10.clo
File: size10.clo 2007/10/19 v1.4h Standard LaTeX file (size option)
)
\c@part=\count79
\c@section=\count80
\c@subsection=\count81
\c@subsubsection=\count82
\c@paragraph=\count83
\c@subparagraph=\count84
\c@figure=\count85
\c@table=\count86
\abovecaptionskip=\skip41
\belowcaptionskip=\skip42
\bibindent=\dimen102
)
(/nix/store/a5h94i4ysxcjzm493i07hc4cz1m1h0ma-TeXLive-linkdir/texmf-dist/tex/lat
ex/amsmath/amsmath.sty
Package: amsmath 2013/01/14 v2.14 AMS math features
\@mathmargin=\skip43

For additional information on amsmath, use the `?' option.

(/nix/store/a5h94i4ysxcjzm493i07hc4cz1m1h0ma-TeXLive-linkdir/texmf-dist/tex/lat
ex/amsmath/amstext.sty
Package: amstext 2000/06/29 v2.01

(/nix/store/a5h94i4ysxcjzm493i07hc4cz1m1h0ma-TeXLive-linkdir/texmf-dist/tex/lat
ex/amsmath/amsgen.sty
File: amsgen.sty 1999/11/30 v2.0
\@emptytoks=\toks14
\ex@=\dimen103
))
(/nix/store/a5h94i4ysxcjzm493i07hc4cz1m1h0ma-TeXLive-linkdir/texmf-dist/tex/lat
ex/amsmath/amsbsy.sty
Package: amsbsy 1999/11/29 v1.2d
\pmbraise@=\dimen104
)
(/nix/store/a5h94i4ysxcjzm493i07hc4cz1m1h0ma-TeXLive-linkdir/texmf-dist/tex/lat
ex/amsmath/amsopn.sty
Package: amsopn 1999/12/14 v2.01 operator names
)
\inf@bad=\count87
LaTeX Info: Redefining \frac on input line 210.
\uproot@=\count88
\leftroot@=\count89
LaTeX Info: Redefining \overline on input line 306.
\classnum@=\count90
\DOTSCASE@=\count91
LaTeX Info: Redefining \ldots on input line 378.
LaTeX Info: Redefining \dots on input line 381.
LaTeX Info: Redefining \cdots on input line 466.
\Mathstrutbox@=\box26
\strutbox@=\box27
\big@size=\dimen105
LaTeX Font Info:    Redeclaring font encoding OML on input line 566.
LaTeX Font Info:    Redeclaring font encoding OMS on input line 567.
\macc@depth=\count92
\c@MaxMatrixCols=\count93
\dotsspace@=\muskip10
\c@parentequation=\count94
\dspbrk@lvl=\count95
\tag@help=\toks15
\row@=\count96
\column@=\count97
\maxfields@=\count98
\andhelp@=\toks16
\eqnshift@=\dimen106
\alignsep@=\dimen107
\tagshift@=\dimen108
\tagwidth@=\dimen109
\totwidth@=\dimen110
\lineht@=\dimen111
\@envbody=\toks17
\multlinegap=\skip44
\multlinetaggap=\skip45
\mathdisplay@stack=\toks18
LaTeX Info: Redefining \[ on input line 2665.
LaTeX Info: Redefining \] on input line 2666.
)
(/nix/store/a5h94i4ysxcjzm493i07hc4cz1m1h0ma-TeXLive-linkdir/texmf-dist/tex/lat
ex/amsfonts/amsfonts.sty
Package: amsfonts 2013/01/14 v3.01 Basic AMSFonts support
\symAMSa=\mathgroup4
\symAMSb=\mathgroup5
LaTeX Font Info:    Overwriting math alphabet `\mathfrak' in version `bold'
(Font)                  U/euf/m/n --> U/euf/b/n on input line 106.
)
(/nix/store/a5h94i4ysxcjzm493i07hc4cz1m1h0ma-TeXLive-linkdir/texmf-dist/tex/lat
ex/tools/multicol.sty
Package: multicol 2014/08/24 v1.8g multicolumn formatting (FMi)
\c@tracingmulticols=\count99
\mult@box=\box28
\multicol@leftmargin=\dimen112
\c@unbalance=\count100
\c@collectmore=\count101
\doublecol@number=\count102
\multicoltolerance=\count103
\multicolpretolerance=\count104
\full@width=\dimen113
\page@free=\dimen114
\premulticols=\dimen115
\postmulticols=\dimen116
\multicolsep=\skip46
\multicolbaselineskip=\skip47
\partial@page=\box29
\last@line=\box30
\maxbalancingoverflow=\dimen117
\mult@rightbox=\box31
\mult@grightbox=\box32
\mult@gfirstbox=\box33
\mult@firstbox=\box34
\@tempa=\box35
\@tempa=\box36
\@tempa=\box37
\@tempa=\box38
\@tempa=\box39
\@tempa=\box40
\@tempa=\box41
\@tempa=\box42
\@tempa=\box43
\@tempa=\box44
\@tempa=\box45
\@tempa=\box46
\@tempa=\box47
\@tempa=\box48
\@tempa=\box49
\@tempa=\box50
\@tempa=\box51
\c@columnbadness=\count105
\c@finalcolumnbadness=\count106
\last@try=\dimen118
\multicolovershoot=\dimen119
\multicolundershoot=\dimen120
\mult@nat@firstbox=\box52
\colbreak@box=\box53
\mc@col@check@num=\count107
)
(/nix/store/a5h94i4ysxcjzm493i07hc4cz1m1h0ma-TeXLive-linkdir/texmf-dist/tex/lat
ex/fancyhdr/fancyheadings.sty
Package: fancyheadings 2008/02/04 1.99 Dummy package to call fancyhdr


Package fancyheadings Warning: Please stop using fancyheadings!
(fancyheadings)                Use fancyhdr instead.
(fancyheadings)                We will call fancyhdr with the very same
(fancyheadings)                options you passed to fancyheadings.
(fancyheadings)                
(fancyheadings)                fancyhdr is 99 percent compatible with
(fancyheadings)                fancyheadings. The only incompatibility is
(fancyheadings)                that \headrulewidth and \footrulewidth and
(fancyheadings)                their \plain... versions are no longer length
(fancyheadings)                parameters, but normal macros (to be changed
(fancyheadings)                with \renewcommand rather than \setlength)..


(/nix/store/a5h94i4ysxcjzm493i07hc4cz1m1h0ma-TeXLive-linkdir/texmf-dist/tex/lat
ex/fancyhdr/fancyhdr.sty
\fancy@headwidth=\skip48
\f@ncyO@elh=\skip49
\f@ncyO@erh=\skip50
\f@ncyO@olh=\skip51
\f@ncyO@orh=\skip52
\f@ncyO@elf=\skip53
\f@ncyO@erf=\skip54
\f@ncyO@olf=\skip55
\f@ncyO@orf=\skip56
))
(/nix/store/a5h94i4ysxcjzm493i07hc4cz1m1h0ma-TeXLive-linkdir/texmf-dist/tex/lat
ex/pdfpages/pdfpages.sty
Package: pdfpages 2013/08/25 v0.4v Insert pages of external PDF documents (AM)

(/nix/store/a5h94i4ysxcjzm493i07hc4cz1m1h0ma-TeXLive-linkdir/texmf-dist/tex/lat
ex/base/ifthen.sty
Package: ifthen 2001/05/26 v1.1c Standard LaTeX ifthen package (DPC)
)
(/nix/store/a5h94i4ysxcjzm493i07hc4cz1m1h0ma-TeXLive-linkdir/texmf-dist/tex/lat
ex/tools/calc.sty
Package: calc 2007/08/22 v4.3 Infix arithmetic (KKT,FJ)
\calc@Acount=\count108
\calc@Bcount=\count109
\calc@Adimen=\dimen121
\calc@Bdimen=\dimen122
\calc@Askip=\skip57
\calc@Bskip=\skip58
LaTeX Info: Redefining \setlength on input line 75.
LaTeX Info: Redefining \addtolength on input line 76.
\calc@Ccount=\count110
\calc@Cskip=\skip59
)
(/nix/store/a5h94i4ysxcjzm493i07hc4cz1m1h0ma-TeXLive-linkdir/texmf-dist/tex/lat
ex/eso-pic/eso-pic.sty
Package: eso-pic 2013/10/06 v2.0d eso-pic (RN)

(/nix/store/a5h94i4ysxcjzm493i07hc4cz1m1h0ma-TeXLive-linkdir/texmf-dist/tex/gen
eric/oberdiek/atbegshi.sty
Package: atbegshi 2011/10/05 v1.16 At begin shipout hook (HO)

(/nix/store/a5h94i4ysxcjzm493i07hc4cz1m1h0ma-TeXLive-linkdir/texmf-dist/tex/gen
eric/oberdiek/infwarerr.sty
Package: infwarerr 2010/04/08 v1.3 Providing info/warning/error messages (HO)
)
(/nix/store/a5h94i4ysxcjzm493i07hc4cz1m1h0ma-TeXLive-linkdir/texmf-dist/tex/gen
eric/oberdiek/ltxcmds.sty
Package: ltxcmds 2011/11/09 v1.22 LaTeX kernel commands for general use (HO)
)
(/nix/store/a5h94i4ysxcjzm493i07hc4cz1m1h0ma-TeXLive-linkdir/texmf-dist/tex/gen
eric/oberdiek/ifpdf.sty
Package: ifpdf 2011/01/30 v2.3 Provides the ifpdf switch (HO)
Package ifpdf Info: pdfTeX in PDF mode is detected.
))
(/nix/store/a5h94i4ysxcjzm493i07hc4cz1m1h0ma-TeXLive-linkdir/texmf-dist/tex/lat
ex/graphics/keyval.sty
Package: keyval 2014/05/08 v1.15 key=value parser (DPC)
\KV@toks@=\toks19
)
(/nix/store/a5h94i4ysxcjzm493i07hc4cz1m1h0ma-TeXLive-linkdir/texmf-dist/tex/lat
ex/xcolor/xcolor.sty
Package: xcolor 2007/01/21 v2.11 LaTeX color extensions (UK)

(/nix/store/a5h94i4ysxcjzm493i07hc4cz1m1h0ma-TeXLive-linkdir/texmf-dist/tex/lat
ex/latexconfig/color.cfg
File: color.cfg 2007/01/18 v1.5 color configuration of teTeX/TeXLive
)
Package xcolor Info: Driver file: pdftex.def on input line 225.

(/nix/store/a5h94i4ysxcjzm493i07hc4cz1m1h0ma-TeXLive-linkdir/texmf-dist/tex/lat
ex/pdftex-def/pdftex.def
File: pdftex.def 2011/05/27 v0.06d Graphics/color for pdfTeX
\Gread@gobject=\count111
)
Package xcolor Info: Model `cmy' substituted by `cmy0' on input line 1337.
Package xcolor Info: Model `hsb' substituted by `rgb' on input line 1341.
Package xcolor Info: Model `RGB' extended on input line 1353.
Package xcolor Info: Model `HTML' substituted by `rgb' on input line 1355.
Package xcolor Info: Model `Hsb' substituted by `hsb' on input line 1356.
Package xcolor Info: Model `tHsb' substituted by `hsb' on input line 1357.
Package xcolor Info: Model `HSB' substituted by `hsb' on input line 1358.
Package xcolor Info: Model `Gray' substituted by `gray' on input line 1359.
Package xcolor Info: Model `wave' substituted by `hsb' on input line 1360.
))
(/nix/store/a5h94i4ysxcjzm493i07hc4cz1m1h0ma-TeXLive-linkdir/texmf-dist/tex/lat
ex/graphics/graphicx.sty
Package: graphicx 2014/04/25 v1.0g Enhanced LaTeX Graphics (DPC,SPQR)

(/nix/store/a5h94i4ysxcjzm493i07hc4cz1m1h0ma-TeXLive-linkdir/texmf-dist/tex/lat
ex/graphics/graphics.sty
Package: graphics 2009/02/05 v1.0o Standard LaTeX Graphics (DPC,SPQR)

(/nix/store/a5h94i4ysxcjzm493i07hc4cz1m1h0ma-TeXLive-linkdir/texmf-dist/tex/lat
ex/graphics/trig.sty
Package: trig 1999/03/16 v1.09 sin cos tan (DPC)
)
(/nix/store/a5h94i4ysxcjzm493i07hc4cz1m1h0ma-TeXLive-linkdir/texmf-dist/tex/lat
ex/latexconfig/graphics.cfg
File: graphics.cfg 2010/04/23 v1.9 graphics configuration of TeX Live
)
Package graphics Info: Driver file: pdftex.def on input line 91.
)
\Gin@req@height=\dimen123
\Gin@req@width=\dimen124
)
(/nix/store/a5h94i4ysxcjzm493i07hc4cz1m1h0ma-TeXLive-linkdir/texmf-dist/tex/lat
ex/pdfpages/pppdftex.def
File: pppdftex.def 2013/08/25 v0.4v Pdfpages driver for pdfTeX (AM)
)
\AM@pagebox=\box54
\AM@toc@title=\toks20
\c@AM@survey=\count112
\AM@templatesizebox=\box55
) (./nips15submit_e.sty
\nipsrulerbox=\box56
\nipsrulercount=\count113
\nipsruleroffset=\dimen125
\cv@lineheight=\dimen126
\cv@boxheight=\dimen127
\cv@tmpbox=\box57
\cv@refno=\count114
\cv@tot=\count115
\cv@tmpc@=\count116
\cv@tmpc=\count117
)
(/nix/store/a5h94i4ysxcjzm493i07hc4cz1m1h0ma-TeXLive-linkdir/texmf-dist/tex/lat
ex/psnfss/times.sty
Package: times 2005/04/12 PSNFSS-v9.2a (SPQR) 
)
\c@theorem=\count118
 (./paper.aux)
\openout1 = `paper.aux'.

LaTeX Font Info:    Checking defaults for OML/cmm/m/it on input line 54.
LaTeX Font Info:    ... okay on input line 54.
LaTeX Font Info:    Checking defaults for T1/cmr/m/n on input line 54.
LaTeX Font Info:    ... okay on input line 54.
LaTeX Font Info:    Checking defaults for OT1/cmr/m/n on input line 54.
LaTeX Font Info:    ... okay on input line 54.
LaTeX Font Info:    Checking defaults for OMS/cmsy/m/n on input line 54.
LaTeX Font Info:    ... okay on input line 54.
LaTeX Font Info:    Checking defaults for OMX/cmex/m/n on input line 54.
LaTeX Font Info:    ... okay on input line 54.
LaTeX Font Info:    Checking defaults for U/cmr/m/n on input line 54.
LaTeX Font Info:    ... okay on input line 54.
LaTeX Font Info:    Try loading font information for OT1+ptm on input line 54.

(/nix/store/a5h94i4ysxcjzm493i07hc4cz1m1h0ma-TeXLive-linkdir/texmf-dist/tex/lat
ex/psnfss/ot1ptm.fd
File: ot1ptm.fd 2001/06/04 font definitions for OT1/ptm.
)
\AtBeginShipoutBox=\box58

(/nix/store/a5h94i4ysxcjzm493i07hc4cz1m1h0ma-TeXLive-linkdir/texmf-dist/tex/con
text/base/supp-pdf.mkii
[Loading MPS to PDF converter (version 2006.09.02).]
\scratchcounter=\count119
\scratchdimen=\dimen128
\scratchbox=\box59
\nofMPsegments=\count120
\nofMParguments=\count121
\everyMPshowfont=\toks21
\MPscratchCnt=\count122
\MPscratchDim=\dimen129
\MPnumerator=\count123
\makeMPintoPDFobject=\count124
\everyMPtoPDFconversion=\toks22
)
(/nix/store/a5h94i4ysxcjzm493i07hc4cz1m1h0ma-TeXLive-linkdir/texmf-dist/tex/gen
eric/oberdiek/pdftexcmds.sty
Package: pdftexcmds 2011/11/29 v0.20 Utility functions of pdfTeX for LuaTeX (HO
)

(/nix/store/a5h94i4ysxcjzm493i07hc4cz1m1h0ma-TeXLive-linkdir/texmf-dist/tex/gen
eric/oberdiek/ifluatex.sty
Package: ifluatex 2010/03/01 v1.3 Provides the ifluatex switch (HO)
Package ifluatex Info: LuaTeX not detected.
)
Package pdftexcmds Info: LuaTeX not detected.
Package pdftexcmds Info: \pdf@primitive is available.
Package pdftexcmds Info: \pdf@ifprimitive is available.
Package pdftexcmds Info: \pdfdraftmode found.
)
(/nix/store/a5h94i4ysxcjzm493i07hc4cz1m1h0ma-TeXLive-linkdir/texmf-dist/tex/lat
ex/oberdiek/epstopdf-base.sty
Package: epstopdf-base 2010/02/09 v2.5 Base part for package epstopdf

(/nix/store/a5h94i4ysxcjzm493i07hc4cz1m1h0ma-TeXLive-linkdir/texmf-dist/tex/lat
ex/oberdiek/grfext.sty
Package: grfext 2010/08/19 v1.1 Manage graphics extensions (HO)

(/nix/store/a5h94i4ysxcjzm493i07hc4cz1m1h0ma-TeXLive-linkdir/texmf-dist/tex/gen
eric/oberdiek/kvdefinekeys.sty
Package: kvdefinekeys 2011/04/07 v1.3 Define keys (HO)
))
(/nix/store/a5h94i4ysxcjzm493i07hc4cz1m1h0ma-TeXLive-linkdir/texmf-dist/tex/lat
ex/oberdiek/kvoptions.sty
Package: kvoptions 2011/06/30 v3.11 Key value format for package options (HO)

(/nix/store/a5h94i4ysxcjzm493i07hc4cz1m1h0ma-TeXLive-linkdir/texmf-dist/tex/gen
eric/oberdiek/kvsetkeys.sty
Package: kvsetkeys 2012/04/25 v1.16 Key value parser (HO)

(/nix/store/a5h94i4ysxcjzm493i07hc4cz1m1h0ma-TeXLive-linkdir/texmf-dist/tex/gen
eric/oberdiek/etexcmds.sty
Package: etexcmds 2011/02/16 v1.5 Avoid name clashes with e-TeX commands (HO)
Package etexcmds Info: Could not find \expanded.
(etexcmds)             That can mean that you are not using pdfTeX 1.50 or
(etexcmds)             that some package has redefined \expanded.
(etexcmds)             In the latter case, load this package earlier.
)))
Package grfext Info: Graphics extension search list:
(grfext)             [.png,.pdf,.jpg,.mps,.jpeg,.jbig2,.jb2,.PNG,.PDF,.JPG,.JPE
G,.JBIG2,.JB2,.eps]
(grfext)             \AppendGraphicsExtensions on input line 452.

(/nix/store/a5h94i4ysxcjzm493i07hc4cz1m1h0ma-TeXLive-linkdir/texmf-dist/tex/lat
ex/latexconfig/epstopdf-sys.cfg
File: epstopdf-sys.cfg 2010/07/13 v1.3 Configuration of (r)epstopdf for TeX Liv
e
))
LaTeX Font Info:    Font shape `OT1/ptm/bx/n' in size <17.28> not available
(Font)              Font shape `OT1/ptm/b/n' tried instead on input line 56.
LaTeX Font Info:    Try loading font information for U+msa on input line 56.

(/nix/store/a5h94i4ysxcjzm493i07hc4cz1m1h0ma-TeXLive-linkdir/texmf-dist/tex/lat
ex/amsfonts/umsa.fd
File: umsa.fd 2013/01/14 v3.01 AMS symbols A
)
LaTeX Font Info:    Try loading font information for U+msb on input line 56.

(/nix/store/a5h94i4ysxcjzm493i07hc4cz1m1h0ma-TeXLive-linkdir/texmf-dist/tex/lat
ex/amsfonts/umsb.fd
File: umsb.fd 2013/01/14 v3.01 AMS symbols B
)
LaTeX Font Info:    Font shape `OT1/ptm/bx/n' in size <10> not available
(Font)              Font shape `OT1/ptm/b/n' tried instead on input line 56.
LaTeX Font Info:    Try loading font information for OT1+pcr on input line 56.

(/nix/store/a5h94i4ysxcjzm493i07hc4cz1m1h0ma-TeXLive-linkdir/texmf-dist/tex/lat
ex/psnfss/ot1pcr.fd
File: ot1pcr.fd 2001/06/04 font definitions for OT1/pcr.
)
LaTeX Font Info:    Font shape `OT1/ptm/bx/n' in size <12> not available
(Font)              Font shape `OT1/ptm/b/n' tried instead on input line 58.
 [1{/nix/store/a5h94i4ysxcjzm493i07hc4cz1m1h0ma-TeXLive-linkdir/texmf-config/fo
nts/map/pdftex/updmap/pdftex.map}

]
<../plots/irisclusters_orig.png, id=11, 578.16pt x 433.62pt>
File: ../plots/irisclusters_orig.png Graphic file (type png)

<use ../plots/irisclusters_orig.png>
Package pdftex.def Info: ../plots/irisclusters_orig.png used on input line 172.

(pdftex.def)             Requested size: 289.07928pt x 216.80946pt.
 [2 <../plots/irisclusters_orig.png>]
<../plots/irisclusters_indep.png, id=17, 578.16pt x 433.62pt>
File: ../plots/irisclusters_indep.png Graphic file (type png)

<use ../plots/irisclusters_indep.png>
Package pdftex.def Info: ../plots/irisclusters_indep.png used on input line 206
.
(pdftex.def)             Requested size: 289.07928pt x 216.80946pt.
 [3 <../plots/irisclusters_indep.png>]
LaTeX Font Info:    Try loading font information for OMS+ptm on input line 274.


(/nix/store/a5h94i4ysxcjzm493i07hc4cz1m1h0ma-TeXLive-linkdir/texmf-dist/tex/lat
ex/psnfss/omsptm.fd
File: omsptm.fd 
)
LaTeX Font Info:    Font shape `OMS/ptm/m/n' in size <10> not available
(Font)              Font shape `OMS/cmsy/m/n' tried instead on input line 274.
 [4] <cluster_accuracy.png, id=34, 578.16pt x 433.62pt>
File: cluster_accuracy.png Graphic file (type png)

<use cluster_accuracy.png>
Package pdftex.def Info: cluster_accuracy.png used on input line 316.
(pdftex.def)             Requested size: 231.2599pt x 173.44492pt.
 [5 <./cluster_accuracy.png>]
Overfull \hbox (66.91449pt too wide) in paragraph at lines 414--414
[]      \OT1/pcr/m/n/9 return [startState].concat(observeStates(sampIndex, tran
sFun(startState), i+1));[] 
 []

[6]
Overfull \hbox (39.91452pt too wide) in paragraph at lines 444--444
[]      \OT1/pcr/m/n/9 var nWords = observe('len' + docIndex, randomInteger, ma
xWordsPerDocument);[] 
 []

[7] [8] (./paper.aux) ) 
Here is how much of TeX's memory you used:
 3821 strings out of 493109
 56722 string characters out of 6117083
 130714 words of memory out of 5000000
 7199 multiletter control sequences out of 15000+600000
 18612 words of font info for 44 fonts, out of 8000000 for 9000
 1141 hyphenation exceptions out of 8191
 38i,12n,45p,424b,338s stack positions out of 5000i,500n,10000p,200000b,80000s
{/nix/store/a5h94i4ysxcjzm493i07hc4cz1m1h0ma-TeXLive-lin
kdir/texmf-dist/fonts/enc/dvips/base/8r.enc}</nix/store/a5h94i4ysxcjzm493i07hc4
cz1m1h0ma-TeXLive-linkdir/texmf-dist/fonts/type1/public/amsfonts/cm/cmbx10.pfb>
</nix/store/a5h94i4ysxcjzm493i07hc4cz1m1h0ma-TeXLive-linkdir/texmf-dist/fonts/t
ype1/public/amsfonts/cm/cmbx7.pfb></nix/store/a5h94i4ysxcjzm493i07hc4cz1m1h0ma-
TeXLive-linkdir/texmf-dist/fonts/type1/public/amsfonts/cm/cmex10.pfb></nix/stor
e/a5h94i4ysxcjzm493i07hc4cz1m1h0ma-TeXLive-linkdir/texmf-dist/fonts/type1/publi
c/amsfonts/cm/cmmi10.pfb></nix/store/a5h94i4ysxcjzm493i07hc4cz1m1h0ma-TeXLive-l
inkdir/texmf-dist/fonts/type1/public/amsfonts/cm/cmmi7.pfb></nix/store/a5h94i4y
sxcjzm493i07hc4cz1m1h0ma-TeXLive-linkdir/texmf-dist/fonts/type1/public/amsfonts
/cm/cmr10.pfb></nix/store/a5h94i4ysxcjzm493i07hc4cz1m1h0ma-TeXLive-linkdir/texm
f-dist/fonts/type1/public/amsfonts/cm/cmr7.pfb></nix/store/a5h94i4ysxcjzm493i07
hc4cz1m1h0ma-TeXLive-linkdir/texmf-dist/fonts/type1/public/amsfonts/cm/cmsy10.p
fb></nix/store/a5h94i4ysxcjzm493i07hc4cz1m1h0ma-TeXLive-linkdir/texmf-dist/font
s/type1/public/amsfonts/cm/cmsy7.pfb></nix/store/a5h94i4ysxcjzm493i07hc4cz1m1h0
ma-TeXLive-linkdir/texmf-dist/fonts/type1/urw/courier/ucrr8a.pfb></nix/store/a5
h94i4ysxcjzm493i07hc4cz1m1h0ma-TeXLive-linkdir/texmf-dist/fonts/type1/urw/helve
tic/uhvb8a.pfb></nix/store/a5h94i4ysxcjzm493i07hc4cz1m1h0ma-TeXLive-linkdir/tex
mf-dist/fonts/type1/urw/times/utmb8a.pfb></nix/store/a5h94i4ysxcjzm493i07hc4cz1
m1h0ma-TeXLive-linkdir/texmf-dist/fonts/type1/urw/times/utmr8a.pfb></nix/store/
a5h94i4ysxcjzm493i07hc4cz1m1h0ma-TeXLive-linkdir/texmf-dist/fonts/type1/urw/tim
es/utmri8a.pfb>
Output written on paper.pdf (8 pages, 216267 bytes).
PDF statistics:
 95 PDF objects out of 1000 (max. 8388607)
 64 compressed objects within 1 object stream
 0 named destinations out of 1000 (max. 500000)
 16 words of extra memory for PDF output out of 10000 (max. 10000000)

